[    0.000000] Linux version 4.15.0-153-generic (buildd@lgw01-amd64-004) (gcc version 7.5.0 (Ubuntu 7.5.0-3ubuntu1~18.04)) #160-Ubuntu SMP Thu Jul 29 06:54:29 UTC 2021 (Ubuntu 4.15.0-153.160-generic 4.15.18)
[    0.000000] Command line: BOOT_IMAGE=/boot/vmlinuz-4.15.0-153-generic root=LABEL=cloudimg-rootfs ro console=tty1 console=ttyS0
[    0.000000] KERNEL supported cpus:
[    0.000000]   Intel GenuineIntel
[    0.000000]   AMD AuthenticAMD
[    0.000000]   Centaur CentaurHauls
[    0.000000] x86/fpu: x87 FPU will use FXSAVE
[    0.000000] e820: BIOS-provided physical RAM map:
[    0.000000] BIOS-e820: [mem 0x0000000000000000-0x000000000009fbff] usable
[    0.000000] BIOS-e820: [mem 0x000000000009fc00-0x000000000009ffff] reserved
[    0.000000] BIOS-e820: [mem 0x00000000000f0000-0x00000000000fffff] reserved
[    0.000000] BIOS-e820: [mem 0x0000000000100000-0x000000003ffeffff] usable
[    0.000000] BIOS-e820: [mem 0x000000003fff0000-0x000000003fffffff] ACPI data
[    0.000000] BIOS-e820: [mem 0x00000000fec00000-0x00000000fec00fff] reserved
[    0.000000] BIOS-e820: [mem 0x00000000fee00000-0x00000000fee00fff] reserved
[    0.000000] BIOS-e820: [mem 0x00000000fffc0000-0x00000000ffffffff] reserved
[    0.000000] NX (Execute Disable) protection: active
[    0.000000] SMBIOS 2.5 present.
[    0.000000] DMI: innotek GmbH VirtualBox/VirtualBox, BIOS VirtualBox 12/01/2006
[    0.000000] Hypervisor detected: KVM
[    0.000000] e820: last_pfn = 0x3fff0 max_arch_pfn = 0x400000000
[    0.000000] MTRR: Disabled
[    0.000000] x86/PAT: MTRRs disabled, skipping PAT initialization too.
[    0.000000] CPU MTRRs all blank - virtualized system.
[    0.000000] x86/PAT: Configuration [0-7]: WB  WT  UC- UC  WB  WT  UC- UC  
[    0.000000] found SMP MP-table at [mem 0x0009fff0-0x0009ffff]
[    0.000000] Scanning 1 areas for low memory corruption
[    0.000000] RAMDISK: [mem 0x359d1000-0x36cdffff]
[    0.000000] ACPI: Early table checksum verification disabled
[    0.000000] ACPI: RSDP 0x00000000000E0000 000024 (v02 VBOX  )
[    0.000000] ACPI: XSDT 0x000000003FFF0030 00003C (v01 VBOX   VBOXXSDT 00000001 ASL  00000061)
[    0.000000] ACPI: FACP 0x000000003FFF00F0 0000F4 (v04 VBOX   VBOXFACP 00000001 ASL  00000061)
[    0.000000] ACPI: DSDT 0x000000003FFF0470 002325 (v02 VBOX   VBOXBIOS 00000002 INTL 20100528)
[    0.000000] ACPI: FACS 0x000000003FFF0200 000040
[    0.000000] ACPI: FACS 0x000000003FFF0200 000040
[    0.000000] ACPI: APIC 0x000000003FFF0240 00005C (v02 VBOX   VBOXAPIC 00000001 ASL  00000061)
[    0.000000] ACPI: SSDT 0x000000003FFF02A0 0001CC (v01 VBOX   VBOXCPUT 00000002 INTL 20100528)
[    0.000000] ACPI: Reserving FACP table memory at [mem 0x3fff00f0-0x3fff01e3]
[    0.000000] ACPI: Reserving DSDT table memory at [mem 0x3fff0470-0x3fff2794]
[    0.000000] ACPI: Reserving FACS table memory at [mem 0x3fff0200-0x3fff023f]
[    0.000000] ACPI: Reserving FACS table memory at [mem 0x3fff0200-0x3fff023f]
[    0.000000] ACPI: Reserving APIC table memory at [mem 0x3fff0240-0x3fff029b]
[    0.000000] ACPI: Reserving SSDT table memory at [mem 0x3fff02a0-0x3fff046b]
[    0.000000] No NUMA configuration found
[    0.000000] Faking a node at [mem 0x0000000000000000-0x000000003ffeffff]
[    0.000000] NODE_DATA(0) allocated [mem 0x3ffc5000-0x3ffeffff]
[    0.000000] kvm-clock: cpu 0, msr 0:3ff44001, primary cpu clock
[    0.000000] kvm-clock: Using msrs 4b564d01 and 4b564d00
[    0.000000] kvm-clock: using sched offset of 5994361520 cycles
[    0.000000] clocksource: kvm-clock: mask: 0xffffffffffffffff max_cycles: 0x1cd42e4dffb, max_idle_ns: 881590591483 ns
[    0.000000] Zone ranges:
[    0.000000]   DMA      [mem 0x0000000000001000-0x0000000000ffffff]
[    0.000000]   DMA32    [mem 0x0000000001000000-0x000000003ffeffff]
[    0.000000]   Normal   empty
[    0.000000]   Device   empty
[    0.000000] Movable zone start for each node
[    0.000000] Early memory node ranges
[    0.000000]   node   0: [mem 0x0000000000001000-0x000000000009efff]
[    0.000000]   node   0: [mem 0x0000000000100000-0x000000003ffeffff]
[    0.000000] Reserved but unavailable: 104 pages
[    0.000000] Initmem setup node 0 [mem 0x0000000000001000-0x000000003ffeffff]
[    0.000000] ACPI: PM-Timer IO Port: 0x4008
[    0.000000] IOAPIC[0]: apic_id 2, version 32, address 0xfec00000, GSI 0-23
[    0.000000] ACPI: INT_SRC_OVR (bus 0 bus_irq 0 global_irq 2 dfl dfl)
[    0.000000] ACPI: INT_SRC_OVR (bus 0 bus_irq 9 global_irq 9 low level)
[    0.000000] Using ACPI (MADT) for SMP configuration information
[    0.000000] smpboot: Allowing 2 CPUs, 0 hotplug CPUs
[    0.000000] PM: Registered nosave memory: [mem 0x00000000-0x00000fff]
[    0.000000] PM: Registered nosave memory: [mem 0x0009f000-0x0009ffff]
[    0.000000] PM: Registered nosave memory: [mem 0x000a0000-0x000effff]
[    0.000000] PM: Registered nosave memory: [mem 0x000f0000-0x000fffff]
[    0.000000] e820: [mem 0x40000000-0xfebfffff] available for PCI devices
[    0.000000] Booting paravirtualized kernel on KVM
[    0.000000] clocksource: refined-jiffies: mask: 0xffffffff max_cycles: 0xffffffff, max_idle_ns: 7645519600211568 ns
[    0.000000] random: get_random_bytes called from start_kernel+0x99/0x500 with crng_init=0
[    0.000000] setup_percpu: NR_CPUS:8192 nr_cpumask_bits:2 nr_cpu_ids:2 nr_node_ids:1
[    0.000000] percpu: Embedded 45 pages/cpu s147456 r8192 d28672 u1048576
[    0.000000] PV qspinlock hash table entries: 256 (order: 0, 4096 bytes)
[    0.000000] Built 1 zonelists, mobility grouping on.  Total pages: 257913
[    0.000000] Policy zone: DMA32
[    0.000000] Kernel command line: BOOT_IMAGE=/boot/vmlinuz-4.15.0-153-generic root=LABEL=cloudimg-rootfs ro console=tty1 console=ttyS0
[    0.000000] Memory: 982720K/1048120K available (12300K kernel code, 2483K rwdata, 4320K rodata, 2448K init, 2724K bss, 65400K reserved, 0K cma-reserved)
[    0.000000] SLUB: HWalign=64, Order=0-3, MinObjects=0, CPUs=2, Nodes=1
[    0.000000] Kernel/User page tables isolation: enabled
[    0.000000] ftrace: allocating 39460 entries in 155 pages
[    0.004000] Hierarchical RCU implementation.
[    0.004000] 	RCU restricting CPUs from NR_CPUS=8192 to nr_cpu_ids=2.
[    0.004000] 	Tasks RCU enabled.
[    0.004000] RCU: Adjusting geometry for rcu_fanout_leaf=16, nr_cpu_ids=2
[    0.004000] NR_IRQS: 524544, nr_irqs: 440, preallocated irqs: 16
[    0.004000] Console: colour VGA+ 80x25
[    0.004000] console [tty1] enabled
[    0.004000] console [ttyS0] enabled
[    0.004000] ACPI: Core revision 20170831
[    0.004000] ACPI: 2 ACPI AML tables successfully acquired and loaded
[    0.004000] APIC: Switch to symmetric I/O mode setup
[    0.004000] ..TIMER: vector=0x30 apic1=0 pin1=2 apic2=-1 pin2=-1
[    0.004006] tsc: Detected 2304.006 MHz processor
[    0.008011] Calibrating delay loop (skipped) preset value.. 4608.01 BogoMIPS (lpj=9216024)
[    0.012005] pid_max: default: 32768 minimum: 301
[    0.016071] Security Framework initialized
[    0.020003] Yama: becoming mindful.
[    0.024237] AppArmor: AppArmor initialized
[    0.037429] Dentry cache hash table entries: 131072 (order: 8, 1048576 bytes)
[    0.042012] Inode-cache hash table entries: 65536 (order: 7, 524288 bytes)
[    0.044234] Mount-cache hash table entries: 2048 (order: 2, 16384 bytes)
[    0.048088] Mountpoint-cache hash table entries: 2048 (order: 2, 16384 bytes)
[    0.053658] Last level iTLB entries: 4KB 64, 2MB 8, 4MB 8
[    0.056008] Last level dTLB entries: 4KB 64, 2MB 0, 4MB 0, 1GB 4
[    0.060009] Spectre V1 : Mitigation: usercopy/swapgs barriers and __user pointer sanitization
[    0.064005] Spectre V2 : Mitigation: Full generic retpoline
[    0.068004] Spectre V2 : Spectre v2 / SpectreRSB mitigation: Filling RSB on context switch
[    0.072006] Speculative Store Bypass: Vulnerable
[    0.076040] MDS: Mitigation: Clear CPU buffers
[    0.080254] Freeing SMP alternatives memory: 36K
[    0.200634] APIC calibration not consistent with PM-Timer: 101ms instead of 100ms
[    0.204000] APIC delta adjusted to PM-Timer: 6268850 (6348167)
[    0.204471] smpboot: CPU0: Intel(R) Core(TM) i5-8300H CPU @ 2.30GHz (family: 0x6, model: 0x9e, stepping: 0xa)
[    0.208000] Performance Events: unsupported p6 CPU model 158 no PMU driver, software events only.
[    0.208000] Hierarchical SRCU implementation.
[    0.208000] NMI watchdog: Perf event create on CPU 0 failed with -2
[    0.208000] NMI watchdog: Perf NMI watchdog permanently disabled
[    0.208000] smp: Bringing up secondary CPUs ...
[    0.208000] x86: Booting SMP configuration:
[    0.208000] .... node  #0, CPUs:      #1
[    0.004000] kvm-clock: cpu 1, msr 0:3ff44041, secondary cpu clock
[    0.223758] TSC synchronization [CPU#0 -> CPU#1]:
[    0.224000] Measured 47375 cycles TSC warp between CPUs, turning off TSC clock.
[    0.224000] tsc: Marking TSC unstable due to check_tsc_sync_source failed
[    0.228182] smp: Brought up 1 node, 2 CPUs
[    0.232009] smpboot: Max logical packages: 1
[    0.236007] smpboot: Total of 2 processors activated (9216.02 BogoMIPS)
[    0.252009] devtmpfs: initialized
[    0.256890] x86/mm: Memory block size: 128MB
[    0.264298] evm: security.selinux
[    0.268004] evm: security.SMACK64
[    0.272005] evm: security.SMACK64EXEC
[    0.276006] evm: security.SMACK64TRANSMUTE
[    0.280004] evm: security.SMACK64MMAP
[    0.284007] evm: security.apparmor
[    0.288007] evm: security.ima
[    0.292005] evm: security.capability
[    0.300667] clocksource: jiffies: mask: 0xffffffff max_cycles: 0xffffffff, max_idle_ns: 7645041785100000 ns
[    0.304160] futex hash table entries: 512 (order: 3, 32768 bytes)
[    0.308212] pinctrl core: initialized pinctrl subsystem
[    0.312903] RTC time:  7:13:59, date: 08/09/21
[    0.321156] NET: Registered protocol family 16
[    0.324136] audit: initializing netlink subsys (disabled)
[    0.328276] audit: type=2000 audit(1628493245.607:1): state=initialized audit_enabled=0 res=1
[    0.344132] cpuidle: using governor ladder
[    0.348019] cpuidle: using governor menu
[    0.356579] ACPI: bus type PCI registered
[    0.360006] acpiphp: ACPI Hot Plug PCI Controller Driver version: 0.5
[    0.364741] PCI: Using configuration type 1 for base access
[    0.376255] HugeTLB registered 2.00 MiB page size, pre-allocated 0 pages
[    0.389347] ACPI: Added _OSI(Module Device)
[    0.392010] ACPI: Added _OSI(Processor Device)
[    0.396019] ACPI: Added _OSI(3.0 _SCP Extensions)
[    0.400006] ACPI: Added _OSI(Processor Aggregator Device)
[    0.404008] ACPI: Added _OSI(Linux-Dell-Video)
[    0.408004] ACPI: Added _OSI(Linux-Lenovo-NV-HDMI-Audio)
[    0.412008] ACPI: Added _OSI(Linux-HPI-Hybrid-Graphics)
[    0.420258] ACPI: Executed 1 blocks of module-level executable AML code
[    0.428937] ACPI: Interpreter enabled
[    0.432017] ACPI: (supports S0 S5)
[    0.434984] ACPI: Using IOAPIC for interrupt routing
[    0.436419] PCI: Using host bridge windows from ACPI; if necessary, use "pci=nocrs" and report a bug
[    0.440272] ACPI: Enabled 2 GPEs in block 00 to 07
[    0.455494] ACPI: PCI Root Bridge [PCI0] (domain 0000 [bus 00-ff])
[    0.456018] acpi PNP0A03:00: _OSC: OS supports [ASPM ClockPM Segments MSI]
[    0.464211] acpi PNP0A03:00: _OSC: not requesting OS control; OS requires [ExtendedConfig ASPM ClockPM MSI]
[    0.468040] acpi PNP0A03:00: fail to add MMCONFIG information, can't access extended PCI configuration space under this bridge.
[    0.472926] PCI host bridge to bus 0000:00
[    0.476027] pci_bus 0000:00: root bus resource [io  0x0000-0x0cf7 window]
[    0.480005] pci_bus 0000:00: root bus resource [io  0x0d00-0xffff window]
[    0.484006] pci_bus 0000:00: root bus resource [mem 0x000a0000-0x000bffff window]
[    0.488006] pci_bus 0000:00: root bus resource [mem 0x40000000-0xfdffffff window]
[    0.492009] pci_bus 0000:00: root bus resource [bus 00-ff]
[    0.506043] pci 0000:00:01.1: legacy IDE quirk: reg 0x10: [io  0x01f0-0x01f7]
[    0.508007] pci 0000:00:01.1: legacy IDE quirk: reg 0x14: [io  0x03f6]
[    0.512008] pci 0000:00:01.1: legacy IDE quirk: reg 0x18: [io  0x0170-0x0177]
[    0.516009] pci 0000:00:01.1: legacy IDE quirk: reg 0x1c: [io  0x0376]
[    0.596684] pci 0000:00:07.0: quirk: [io  0x4000-0x403f] claimed by PIIX4 ACPI
[    0.608040] pci 0000:00:07.0: quirk: [io  0x4100-0x410f] claimed by PIIX4 SMB
[    0.633311] ACPI: PCI Interrupt Link [LNKA] (IRQs 5 9 10 *11)
[    0.644618] ACPI: PCI Interrupt Link [LNKB] (IRQs 5 9 *10 11)
[    0.652229] ACPI: PCI Interrupt Link [LNKC] (IRQs 5 *9 10 11)
[    0.664395] ACPI: PCI Interrupt Link [LNKD] (IRQs 5 9 10 *11)
[    0.676860] SCSI subsystem initialized
[    0.684225] pci 0000:00:02.0: vgaarb: setting as boot VGA device
[    0.688000] pci 0000:00:02.0: vgaarb: VGA device added: decodes=io+mem,owns=io+mem,locks=none
[    0.708008] pci 0000:00:02.0: vgaarb: bridge control possible
[    0.716004] vgaarb: loaded
[    0.724073] ACPI: bus type USB registered
[    0.728046] usbcore: registered new interface driver usbfs
[    0.752032] usbcore: registered new interface driver hub
[    0.760024] usbcore: registered new device driver usb
[    0.772110] EDAC MC: Ver: 3.0.0
[    0.780818] PCI: Using ACPI for IRQ routing
[    0.792534] NetLabel: Initializing
[    0.796003] NetLabel:  domain hash size = 128
[    0.804004] NetLabel:  protocols = UNLABELED CIPSOv4 CALIPSO
[    0.816037] NetLabel:  unlabeled traffic allowed by default
[    0.828373] clocksource: Switched to clocksource kvm-clock
[    0.930619] VFS: Disk quotas dquot_6.6.0
[    0.935179] VFS: Dquot-cache hash table entries: 512 (order 0, 4096 bytes)
[    0.942996] AppArmor: AppArmor Filesystem Enabled
[    0.948443] pnp: PnP ACPI init
[    0.953721] pnp: PnP ACPI: found 3 devices
[    0.970792] clocksource: acpi_pm: mask: 0xffffff max_cycles: 0xffffff, max_idle_ns: 2085701024 ns
[    0.979443] NET: Registered protocol family 2
[    0.984665] TCP established hash table entries: 8192 (order: 4, 65536 bytes)
[    0.992810] TCP bind hash table entries: 8192 (order: 5, 131072 bytes)
[    1.000954] TCP: Hash tables configured (established 8192 bind 8192)
[    1.007723] UDP hash table entries: 512 (order: 2, 16384 bytes)
[    1.013873] UDP-Lite hash table entries: 512 (order: 2, 16384 bytes)
[    1.020215] NET: Registered protocol family 1
[    1.025123] pci 0000:00:00.0: Limiting direct PCI/PCI transfers
[    1.031586] pci 0000:00:01.0: Activating ISA DMA hang workarounds
[    1.038386] pci 0000:00:02.0: Video device with shadowed ROM at [mem 0x000c0000-0x000dffff]
[    1.046122] Unpacking initramfs...
[    1.704238] Freeing initrd memory: 19516K
[    1.712265] clocksource: tsc: mask: 0xffffffffffffffff max_cycles: 0x2135fd711f6, max_idle_ns: 440795262176 ns
[    1.724278] platform rtc_cmos: registered platform RTC device (no PNP device found)
[    1.733289] Scanning for low memory corruption every 60 seconds
[    1.743274] Initialise system trusted keyrings
[    1.749169] Key type blacklist registered
[    1.754497] workingset: timestamp_bits=36 max_order=18 bucket_order=0
[    1.763949] zbud: loaded
[    1.768419] squashfs: version 4.0 (2009/01/31) Phillip Lougher
[    1.774944] fuse init (API version 7.26)
[    1.800924] Key type asymmetric registered
[    1.805272] Asymmetric key parser 'x509' registered
[    1.810113] Block layer SCSI generic (bsg) driver version 0.4 loaded (major 246)
[    1.818009] io scheduler noop registered
[    1.822319] io scheduler deadline registered
[    1.826597] io scheduler cfq registered (default)
[    1.831695] ACPI: AC Adapter [AC] (on-line)
[    1.835951] input: Power Button as /devices/LNXSYSTM:00/LNXPWRBN:00/input/input0
[    1.843342] ACPI: Power Button [PWRF]
[    1.847577] input: Sleep Button as /devices/LNXSYSTM:00/LNXSLPBN:00/input/input1
[    1.854713] ACPI: Sleep Button [SLPF]
[    1.859227] Serial: 8250/16550 driver, 32 ports, IRQ sharing enabled
[    1.860733] ACPI: Battery Slot [BAT0] (battery present)
[    1.898245] 00:02: ttyS0 at I/O 0x3f8 (irq = 4, base_baud = 115200) is a 16550A
[    1.906364] Linux agpgart interface v0.103
[    1.913666] loop: module loaded
[    1.919442] scsi host0: ata_piix
[    1.924862] scsi host1: ata_piix
[    1.928782] ata1: PATA max UDMA/33 cmd 0x1f0 ctl 0x3f6 bmdma 0xd000 irq 14
[    1.935774] ata2: PATA max UDMA/33 cmd 0x170 ctl 0x376 bmdma 0xd008 irq 15
[    1.943840] libphy: Fixed MDIO Bus: probed
[    1.948525] tun: Universal TUN/TAP device driver, 1.6
[    1.954317] PPP generic driver version 2.4.2
[    1.959452] ehci_hcd: USB 2.0 'Enhanced' Host Controller (EHCI) Driver
[    1.966579] ehci-pci: EHCI PCI platform driver
[    1.970937] ehci-platform: EHCI generic platform driver
[    1.976085] ohci_hcd: USB 1.1 'Open' Host Controller (OHCI) Driver
[    1.981657] ohci-pci: OHCI PCI platform driver
[    1.986445] ohci-platform: OHCI generic platform driver
[    1.992790] uhci_hcd: USB Universal Host Controller Interface driver
[    2.000428] i8042: PNP: PS/2 Controller [PNP0303:PS2K,PNP0f03:PS2M] at 0x60,0x64 irq 1,12
[    2.040786] serio: i8042 KBD port at 0x60,0x64 irq 1
[    2.047176] serio: i8042 AUX port at 0x60,0x64 irq 12
[    2.053195] mousedev: PS/2 mouse device common for all mice
[    2.060886] input: AT Translated Set 2 keyboard as /devices/platform/i8042/serio0/input/input2
[    2.071118] rtc_cmos rtc_cmos: rtc core: registered rtc_cmos as rtc0
[    2.077422] rtc_cmos rtc_cmos: alarms up to one day, 114 bytes nvram
[    2.083052] i2c /dev entries driver
[    2.086225] device-mapper: uevent: version 1.0.3
[    2.091100] device-mapper: ioctl: 4.37.0-ioctl (2017-09-20) initialised: dm-devel@redhat.com
[    2.099486] ledtrig-cpu: registered to indicate activity on CPUs
[    2.142765] NET: Registered protocol family 10
[    2.153856] Segment Routing with IPv6
[    2.161811] NET: Registered protocol family 17
[    2.166923] Key type dns_resolver registered
[    2.174383] mce: Using 0 MCE banks
[    2.184162] RAS: Correctable Errors collector initialized.
[    2.187806] sched_clock: Marking stable (2183806644, 0)->(3336094066, -1152287422)
[    2.212040] registered taskstats version 1
[    2.216341] Loading compiled-in X.509 certificates
[    2.225672] Loaded X.509 cert 'Build time autogenerated kernel key: 697c210032c6abbec5653106d7fd766083a73612'
[    2.237383] Loaded X.509 cert 'Canonical Ltd. Live Patch Signing: 14df34d1a87cf37625abec039ef2bf521249b969'
[    2.246738] Loaded X.509 cert 'Canonical Ltd. Kernel Module Signing: 88f752e560a1e0737e31163a466ad7b70a850c19'
[    2.255865] zswap: loaded using pool lzo/zbud
[    2.276754] Key type big_key registered
[    2.280732] Key type trusted registered
[    2.293977] Key type encrypted registered
[    2.298748] AppArmor: AppArmor sha1 policy hashing enabled
[    2.309372] ima: No TPM chip found, activating TPM-bypass! (rc=-19)
[    2.325252] ima: Allocated hash algorithm: sha1
[    2.331479] evm: HMAC attrs: 0x1
[    2.335673]   Magic number: 1:596:217
[    2.340995] rtc_cmos rtc_cmos: setting system clock to 2021-08-09 07:14:01 UTC (1628493241)
[    2.349802] BIOS EDD facility v0.16 2004-Jun-25, 0 devices found
[    2.355575] EDD information not available.
[    2.363436] Freeing unused kernel image memory: 2448K
[    2.380269] Write protecting the kernel read-only data: 20480k
[    2.387583] Freeing unused kernel image memory: 2008K
[    2.393464] Freeing unused kernel image memory: 1824K
[    2.404282] x86/mm: Checked W+X mappings: passed, no W+X pages found.
[    2.412267] x86/mm: Checking user space page tables
[    2.422990] x86/mm: Checked W+X mappings: passed, no W+X pages found.
Loading, please wait...
starting version 237
[    2.600782] e1000: Intel(R) PRO/1000 Network Driver - version 7.3.21-k8-NAPI
[    2.608143] e1000: Copyright (c) 1999-2006 Intel Corporation.
[    2.652727] Fusion MPT base driver 3.04.20
[    2.657990] Copyright (c) 1999-2008 LSI Corporation
[    2.704308] Fusion MPT SPI Host driver 3.04.20
[    2.893149] input: ImExPS/2 Generic Explorer Mouse as /devices/platform/i8042/serio1/input/input4
[    3.413650] e1000 0000:00:03.0 eth0: (PCI:33MHz:32-bit) 02:9f:d3:59:7e:90
[    3.422153] e1000 0000:00:03.0 eth0: Intel(R) PRO/1000 Network Connection
[    3.430800] mptbase: ioc0: Initiating bringup
[    3.431012] e1000 0000:00:03.0 enp0s3: renamed from eth0
[    3.634159] ioc0: LSI53C1030 A0: Capabilities={Initiator}
[    3.983429] scsi host2: ioc0: LSI53C1030 A0, FwRev=00000000h, Ports=1, MaxQ=256, IRQ=20
[    4.161904] scsi 2:0:0:0: Direct-Access     VBOX     HARDDISK         1.0  PQ: 0 ANSI: 5
[    4.237429] scsi target2:0:0: Beginning Domain Validation
[    4.248546] scsi target2:0:0: Domain Validation skipping write tests
[    4.253921] scsi target2:0:0: Ending Domain Validation
[    4.258548] scsi target2:0:0: asynchronous
[    4.264942] random: fast init done
[    4.273199] scsi 2:0:1:0: Direct-Access     VBOX     HARDDISK         1.0  PQ: 0 ANSI: 5
[    4.717196] scsi target2:0:1: Beginning Domain Validation
[    4.729821] scsi target2:0:1: Domain Validation skipping write tests
[    4.735265] scsi target2:0:1: Ending Domain Validation
[    4.740222] scsi target2:0:1: asynchronous
[    4.764611] random: systemd-udevd: uninitialized urandom read (16 bytes read)
[    4.781660] random: systemd-udevd: uninitialized urandom read (16 bytes read)
[    4.788507] random: systemd-udevd: uninitialized urandom read (16 bytes read)
[    4.795817] sd 2:0:0:0: [sda] 83886080 512-byte logical blocks: (42.9 GB/40.0 GiB)
[    4.803244] sd 2:0:0:0: Attached scsi generic sg0 type 0
[    4.809265] sd 2:0:0:0: [sda] Write Protect is off
[    4.815114] sd 2:0:0:0: [sda] Incomplete mode parameter data
[    4.820334] sd 2:0:0:0: [sda] Assuming drive cache: write through
[    4.826354] sd 2:0:1:0: [sdb] 20480 512-byte logical blocks: (10.5 MB/10.0 MiB)
[    4.832860] sd 2:0:1:0: Attached scsi generic sg1 type 0
[    4.838861] sd 2:0:1:0: [sdb] Write Protect is off
[    4.847000] sd 2:0:1:0: [sdb] Incomplete mode parameter data
[    4.852885] sd 2:0:1:0: [sdb] Assuming drive cache: write through
[    4.858642]  sda: sda1
[    4.864971] sd 2:0:0:0: [sda] Attached SCSI disk
[    4.879733] sd 2:0:1:0: [sdb] Attached SCSI disk
Begin: Loading essential drivers ... [    7.188475] raid6: sse2x1   gen()  7972 MB/s
[    7.252073] raid6: sse2x1   xor()  8241 MB/s
[    7.300169] raid6: sse2x2   gen() 14757 MB/s
[    7.352343] raid6: sse2x2   xor()  9870 MB/s
[    7.404821] raid6: sse2x4   gen() 15577 MB/s
[    7.457127] raid6: sse2x4   xor()  9351 MB/s
[    7.461441] raid6: using algorithm sse2x4 gen() 15577 MB/s
[    7.466843] raid6: .... xor() 9351 MB/s, rmw enabled
[    7.471669] raid6: using ssse3x2 recovery algorithm
[    7.478533] xor: measuring software checksum speed
[   10.909348]    prefetch64-sse: 683241.704 MB/sec
[   12.995618]    generic_sse: 640224.704 MB/sec
[   13.000039] xor: using function: prefetch64-sse (683241.704 MB/sec)
[   13.008224] async_tx: api initialized (async)
done.
Begin: Running /scripts/init-premount ... done.
Begin: Mounting root file system ... Begin: Running /scripts/local-top ... done.
Begin: Running /scripts/local-premount ... [   13.074222] Btrfs loaded, crc32c=crc32c-intel
Scanning for Btrfs filesystems
done.
Warning: fsck not present, so skipping root file system
[   13.182387] EXT4-fs (sda1): mounted filesystem with ordered data mode. Opts: (null)
done.
Begin: Running /scripts/local-bottom ... done.
Begin: Running /scripts/init-bottom ... done.
[   13.524819] ip_tables: (C) 2000-2006 Netfilter Core Team
[   13.549463] systemd[1]: systemd 237 running in system mode. (+PAM +AUDIT +SELINUX +IMA +APPARMOR +SMACK +SYSVINIT +UTMP +LIBCRYPTSETUP +GCRYPT +GNUTLS +ACL +XZ +LZ4 +SECCOMP +BLKID +ELFUTILS +KMOD -IDN2 +IDN -PCRE2 default-hierarchy=hybrid)
[   13.567963] systemd[1]: Detected virtualization oracle.
[   13.572932] systemd[1]: Detected architecture x86-64.

Welcome to [1mUbuntu 18.04.5 LTS[0m!

[   13.618017] systemd[1]: Set hostname to <ubuntu-bionic>.
[   14.127986] systemd[1]: Set up automount Arbitrary Executable File Formats File System Automount Point.
[[0;32m  OK  [0m] Set up automount Arbitrary Executab…rmats File System Automount Point.
[   14.162140] systemd[1]: Created slice User and Session Slice.
[[0;32m  OK  [0m] Created slice User and Session Slice.
[   14.171334] systemd[1]: Reached target System Time Synchronized.
[[0;32m  OK  [0m] Reached target System Time Synchronized.
[   14.180933] systemd[1]: Started Forward Password Requests to Wall Directory Watch.
[[0;32m  OK  [0m] Started Forward Password Requests to Wall Directory Watch.
[   14.192451] systemd[1]: Created slice System Slice.
[[0;32m  OK  [0m] Created slice System Slice.
[   14.200597] systemd[1]: Reached target Slices.
[[0;32m  OK  [0m] Reached target Slices.
[[0;32m  OK  [0m] Listening on Device-mapper event daemon FIFOs.
[[0;32m  OK  [0m] Listening on Journal Audit Socket.
[[0;32m  OK  [0m] Listening on fsck to fsckd communication Socket.
[[0;32m  OK  [0m] Listening on LVM2 poll daemon socket.
[[0;32m  OK  [0m] Listening on /dev/initctl Compatibility Named Pipe.
[[0;32m  OK  [0m] Listening on Journal Socket.
         Starting Uncomplicated firewall...
         Mounting Huge Pages File System...
         Mounting Kernel Debug File System...
         Mounting POSIX Message Queue File System...
         Starting Create list of required st…ce nodes for the current kernel...
         Starting Load Kernel Modules...
[[0;32m  OK  [0m] Listening on LVM2 metadata daemon socket.
[[0;32m  OK  [0m] Listening on Journal Socket (/dev/log).
         Starting Set the console keyboard layout...
[[0;32m  OK  [0m] Created slice system-serial\x2dgetty.slice.
         Starting Monitoring of LVM2 mirrors…ng dmeventd or progress polling...
[[0;32m  OK  [0m] Listening on Syslog Socket.
         Starting Journal Service...
         Starting File System Check on Root Device...
[[0;32m  OK  [0m] Reached target Swap.
[[0;32m  OK  [0m] Listening on Network Service Netlink Socket.
[[0;32m  OK  [0m] Listening on udev Kernel Socket.
[[0;32m  OK  [0m] Reached target User and Group Name Lookups.
[[0;32m  OK  [0m] Listening on udev Control Socket.[   14.375286] Loading iSCSI transport class v2.0-870.

         Starting udev Coldplug all Devices...
[[0;32m  OK  [0m] Started Uncomplicated firewall.
[[0;32m  OK  [0m] Mounted Huge Pages File System.
[[0;32m  OK  [0m] Mounted Kernel Debug File System.
[[0;32m  OK  [0m] Mounted POSIX Message Queue File System.
[[0;32m  OK  [0m] Started Create list of required sta…vice nodes for the current kernel.
[[0;32m  OK  [0m] Started File System Check Daemon to report status.
         Starting Create Static Device Nodes in /dev...
[[0;32m  OK  [0m] Started LVM2 metadata daemon.
[[0;32m  OK  [0m] Started udev Coldplug all Devices.
[[0;32m  OK  [0m] Started Journal Service.
[[0;32m  OK  [0m] Started Create Static Device Nodes in /dev.
[   14.585426] iscsi: registered transport (tcp)
[   14.614733] iscsi: registered transport (iser)
[[0;32m  OK  [0m] Started Load Kernel Modules.
[[0;32m  OK  [0m] Started Set the console keyboard layout.
         Mounting FUSE Control File System...
         Mounting Kernel Configuration File System...
         Starting Apply Kernel Variables...
[[0;32m  OK  [0m] Started File System Check on Root Device.
[[0;32m  OK  [0m] Mounted FUSE Control File System.
[[0;32m  OK  [0m] Mounted Kernel Configuration File System.
         Starting Remount Root and Kernel File Systems...
[[0;32m  OK  [0m] Started Monitoring of LVM2 mirrors,…sing dmeventd or progress polling.
[[0;32m  OK  [0m] Started Remount Root and Kernel File Systems.
[[0;32m  OK  [0m] Reached target Local File Systems (Pre).
[[0;32m  OK  [0m] Reached target Local File Systems.
         Starting ebtables ruleset management...
         Starting AppArmor initialization...
         Starting Tell Plymouth To Write Out Runtime Data...
         Starting Set console font and keymap...
         Starting udev Kernel Device Manager...
         Starting Load/Save Random Seed...
         Starting Flush Journal to Persistent Storage...
[[0;32m  OK  [0m] Started Apply Kernel Variables.
[[0;32m  OK  [0m] Started Tell Plymouth To Write Out Runtime Data.
[[0;32m  OK  [0m] Started Set console font and keymap.
[[0;32m  OK  [0m] Started udev Kernel Device Manager.
[[0;32m  OK  [0m] Started Dispatch Password Requests to Console Directory Watch.
[[0;32m  OK  [0m] Reached target Local Encrypted Volumes.
[[0;32m  OK  [0m] Started Load/Save Random Seed.
[[0;32m  OK  [0m] Started Flush Journal to Persistent Storage.
         Starting Create Volatile Files and Directories...
[[0;32m  OK  [0m] Started Create Volatile Files and Directories.
[[0;32m  OK  [0m] Started ebtables ruleset management.
         Starting Update UTMP about System Boot/Shutdown...
[[0;32m  OK  [0m] Started Update UTMP about System Boot/Shutdown.
[[0;32m  OK  [0m] Found device /dev/ttyS0.
[[0;32m  OK  [0m] Listening on Load/Save RF Kill Switch Status /dev/rfkill Watch.
[[0;32m  OK  [0m] Started AppArmor initialization.
         Starting Load AppArmor profiles managed internally by snapd...
         Starting Initial cloud-init job (pre-networking)...
[[0;32m  OK  [0m] Started Load AppArmor profiles managed internally by snapd.
[   18.496222] cloud-init[541]: Cloud-init v. 21.2-3-g899bfaa9-0ubuntu2~18.04.1 running 'init-local' at Mon, 09 Aug 2021 07:14:17 +0000. Up 18.17 seconds.
[[0;32m  OK  [0m] Started Initial cloud-init job (pre-networking).
[[0;32m  OK  [0m] Reached target Network (Pre).
         Starting Network Service...
[[0;32m  OK  [0m] Started Network Service.
         Starting Wait for Network to be Configured...
         Starting Network Name Resolution...
[[0;32m  OK  [0m] Started Network Name Resolution.
[[0;32m  OK  [0m] Reached target Host and Network Name Lookups.
[[0;32m  OK  [0m] Reached target Network.
[[0;32m  OK  [0m] Started Wait for Network to be Configured.
         Starting Initial cloud-init job (metadata service crawler)...
[   20.998784] cloud-init[651]: Cloud-init v. 21.2-3-g899bfaa9-0ubuntu2~18.04.1 running 'init' at Mon, 09 Aug 2021 07:14:19 +0000. Up 20.75 seconds.
[   21.022348] cloud-init[651]: ci-info: ++++++++++++++++++++++++++++++++++++++Net device info++++++++++++++++++++++++++++++++++++++
[   21.032113] cloud-init[651]: ci-info: +--------+------+----------------------------+---------------+--------+-------------------+
[   21.040793] cloud-init[651]: ci-info: | Device |  Up  |          Address           |      Mask     | Scope  |     Hw-Address    |
[   21.048518] cloud-init[651]: ci-info: +--------+------+----------------------------+---------------+--------+-------------------+
[   21.056378] cloud-init[651]: ci-info: | enp0s3 | True |         10.0.2.15          | 255.255.255.0 | global | 02:9f:d3:59:7e:90 |
[   21.064847] cloud-init[651]: ci-info: | enp0s3 | True | fe80::9f:d3ff:fe59:7e90/64 |       .       |  link  | 02:9f:d3:59:7e:90 |
[   21.073689] cloud-init[651]: ci-info: |   lo   | True |         127.0.0.1          |   255.0.0.0   |  host  |         .         |
[   21.082974] cloud-init[651]: ci-info: |   lo   | True |          ::1/128           |       .       |  host  |         .         |
[   21.091174] cloud-init[651]: ci-info: +--------+------+----------------------------+---------------+--------+-------------------+
[   21.099016] cloud-init[651]: ci-info: ++++++++++++++++++++++++++++Route IPv4 info+++++++++++++++++++++++++++++
[   21.106994] cloud-init[651]: ci-info: +-------+-------------+----------+-----------------+-----------+-------+
[   21.114300] cloud-init[651]: ci-info: | Route | Destination | Gateway  |     Genmask     | Interface | Flags |
[   21.123445] cloud-init[651]: ci-info: +-------+-------------+----------+-----------------+-----------+-------+
[   21.136354] cloud-init[651]: ci-info: |   0   |   0.0.0.0   | 10.0.2.2 |     0.0.0.0     |   enp0s3  |   UG  |
[   21.144071] cloud-init[651]: ci-info: |   1   |   10.0.2.0  | 0.0.0.0  |  255.255.255.0  |   enp0s3  |   U   |
[   21.151184] cloud-init[651]: ci-info: |   2   |   10.0.2.2  | 0.0.0.0  | 255.255.255.255 |   enp0s3  |   UH  |
[   21.158169] cloud-init[651]: ci-info: +-------+-------------+----------+-----------------+-----------+-------+
[   21.164648] cloud-init[651]: ci-info: +++++++++++++++++++Route IPv6 info+++++++++++++++++++
[   21.172430] cloud-init[651]: ci-info: +-------+-------------+---------+-----------+-------+
[   21.178956] cloud-init[651]: ci-info: | Route | Destination | Gateway | Interface | Flags |
[   21.185536] cloud-init[651]: ci-info: +-------+-------------+---------+-----------+-------+
[   21.192026] cloud-init[651]: ci-info: |   1   |  fe80::/64  |    ::   |   enp0s3  |   U   |
[   21.198362] cloud-init[651]: ci-info: |   3   |    local    |    ::   |   enp0s3  |   U   |
[   21.205172] cloud-init[651]: ci-info: |   4   |   ff00::/8  |    ::   |   enp0s3  |   U   |
[   21.211429] cloud-init[651]: ci-info: +-------+-------------+---------+-----------+-------+
[[0;32m  OK  [0m] Started Initial cloud-init job (metadata service crawler).
[[0;32m  OK  [0m] Reached target Network is Online.
[[0;32m  OK  [0m] Reached target Remote File Systems (Pre).
         Starting Availability of block devices...
         Mounting /vagrant...
[[0;32m  OK  [0m] Reached target Cloud-config availability.
[[0;32m  OK  [0m] Reached target System Initialization.
         Starting Socket activation for snappy daemon.
[[0;32m  OK  [0m] Listening on ACPID Listen Socket.
[[0;32m  OK  [0m] Listening on D-Bus System Message Bus Socket.
[[0;32m  OK  [0m] Started Daily Cleanup of Temporary Directories.
[[0;32m  OK  [0m] Started Discard unused blocks once a week.
[[0;32m  OK  [0m] Listening on Open-iSCSI iscsid Socket.
         Starting LXD - unix socket.
[[0;32m  OK  [0m] Started ACPI Events Check.
[[0;32m  OK  [0m] Started Message of the Day.
[[0;32m  OK  [0m] Reached target Paths.
[[0;32m  OK  [0m] Listening on UUID daemon activation socket.
[[0;32m  OK  [0m] Started Daily apt download activities.
[[0;32m  OK  [0m] Started Daily apt upgrade and clean activities.
         Starting Docker Socket for the API.
[[0;32m  OK  [0m] Started Ubuntu Advantage update messaging.
[[0;32m  OK  [0m] Reached target Timers.
[[0;32m  OK  [0m] Started Availability of block devices.
[[0;32m  OK  [0m] Mounted /vagrant.
[[0;32m  OK  [0m] Listening on Socket activation for snappy daemon.
[[0;32m  OK  [0m] Listening on LXD - unix socket.
[[0;32m  OK  [0m] Listening on Docker Socket for the API.
[[0;32m  OK  [0m] Reached target Sockets.
[[0;32m  OK  [0m] Reached target Basic System.
         Starting System Logging Service...
         Starting containerd container runtime...
[[0;32m  OK  [0m] Started Regular background program processing daemon.
         Starting Login Service...
         Starting Accounts Service...
[[0;32m  OK  [0m] Started Deferred execution scheduler.
         Starting Dispatcher daemon for systemd-networkd...
         Starting Virtualbox guest utils...
         Starting LXD - container startup/shutdown...
[[0;32m  OK  [0m] Started irqbalance daemon.
         Starting OpenBSD Secure Shell server...
         Starting LSB: Record successful boot for GRUB...
[[0;32m  OK  [0m] Started D-Bus System Message Bus.
[[0;32m  OK  [0m] Started Login Service.
[[0;32m  OK  [0m] Started Unattended Upgrades Shutdown.
[[0;32m  OK  [0m] Started FUSE filesystem for LXC.
         Starting Snap Daemon...
[[0;32m  OK  [0m] Reached target Remote File Systems.
         Starting Permit User Sessions...
         Starting LSB: automatic crash report generation...
[[0;32m  OK  [0m] Started System Logging Service.
[[0;32m  OK  [0m] Started Dispatcher daemon for systemd-networkd.
[[0;32m  OK  [0m] Started Permit User Sessions.
         Starting Hold until boot process finishes up...
         Starting Terminate Plymouth Boot Screen...
         Starting Authorization Manager...
[[0;32m  OK  [0m] Started Hold until boot process finishes up.
[[0;32m  OK  [0m] Started Terminate Plymouth Boot Screen.
[[0;32m  OK  [0m] Started OpenBSD Secure Shell server.
[[0;32m  OK  [0m] Started Serial Getty on ttyS0.
         Starting Set console scheme...
[[0;32m  OK  [0m] Started Set console scheme.
[[0;32m  OK  [0m] Created slice system-getty.slice.
[[0;32m  OK  [0m] Started Getty on tty1.
[[0;32m  OK  [0m] Reached target Login Prompts.
[[0;32m  OK  [0m] Started Authorization Manager.
[[0;32m  OK  [0m] Started Accounts Service.
[[0;32m  OK  [0m] Started LSB: automatic crash report generation.
[[0;32m  OK  [0m] Started LSB: Record successful boot for GRUB.
[[0;32m  OK  [0m] Started Virtualbox guest utils.
[[0;32m  OK  [0m] Started LXD - container startup/shutdown.
[[0;32m  OK  [0m] Started Snap Daemon.
         Starting Wait until snapd is fully seeded...
[[0;32m  OK  [0m] Started containerd container runtime.
         Starting Docker Application Container Engine...
[[0;32m  OK  [0m] Created slice User Slice of vagrant.
         Starting User Manager for UID 1000...
[[0;32m  OK  [0m] Started Session 1 of user vagrant.
[[0;32m  OK  [0m] Started Wait until snapd is fully seeded.
         Starting Apply the settings specified in cloud-config...
[[0;32m  OK  [0m] Started User Manager for UID 1000.
[   25.717786] cloud-init[1112]: Cloud-init v. 21.2-3-g899bfaa9-0ubuntu2~18.04.1 running 'modules:config' at Mon, 09 Aug 2021 07:14:24 +0000. Up 25.37 seconds.[[0;32m  OK  [0m] Started Apply the settings specified in cloud-config.


Ubuntu 18.04.5 LTS ubuntu-bionic ttyS0

ubuntu-bionic login: [   28.780560] cloud-init[1462]: Cloud-init v. 21.2-3-g899bfaa9-0ubuntu2~18.04.1 running 'modules:final' at Mon, 09 Aug 2021 07:14:27 +0000. Up 28.59 seconds.
[   28.780702] cloud-init[1462]: Cloud-init v. 21.2-3-g899bfaa9-0ubuntu2~18.04.1 finished at Mon, 09 Aug 2021 07:14:27 +0000. Datasource DataSourceNoCloud [seed=/dev/sdb][dsmode=net].  Up 28.77 seconds
         Stopping User Manager for UID 1000...
         Stopping Availability of block devices...
[[0;32m  OK  [0m] Stopped target Timers.
[[0;32m  OK  [0m] Stopped Ubuntu Advantage update messaging.
         Stopping Session 5 of user vagrant.
[[0;32m  OK  [0m] Stopped target Graphical Interface.
[[0;32m  OK  [0m] Stopped Discard unused blocks once a week.
[[0;32m  OK  [0m] Closed Load/Save RF Kill Switch Status /dev/rfkill Watch.
[[0;32m  OK  [0m] Stopped target Cloud-init target.
[[0;32m  OK  [0m] Stopped Execute cloud user/final scripts.
[[0;32m  OK  [0m] Stopped target Multi-User System.
         Stopping D-Bus System Message Bus...
[[0;32m  OK  [0m] Stopped target Login Prompts.
         Stopping Getty on tty1...
         Stopping LXD - container startup/shutdown...
         Stopping LSB: automatic crash report generation...
         Stopping Dispatcher daemon for systemd-networkd...
         Stopping FUSE filesystem for LXC...
         Stopping irqbalance daemon...
         Stopping Docker Application Container Engine...
         Stopping Virtualbox guest utils...
[[0;32m  OK  [0m] Stopped Message of the Day.
         Stopping System Logging Service...
[[0;32m  OK  [0m] Stopped Daily apt upgrade and clean activities.
         Stopping Accounts Service...
         Stopping Serial Getty on ttyS0...
         Stopping Regular background program processing daemon...
[[0;32m  OK  [0m] Stopped Apply the settings specified in cloud-config.
[[0;32m  OK  [0m] Stopped Wait until snapd is fully seeded.
[[0;32m  OK  [0m] Stopped target Cloud-config availability.
         Stopping OpenBSD Secure Shell server...
         Stopping Authorization Manager...
[[0;32m  OK  [0m] Stopped Daily Cleanup of Temporary Directories.
[[0;32m  OK  [0m] Stopped Daily apt download activities.
[[0;32m  OK  [0m] Stopped target System Time Synchronized.
[[0;32m  OK  [0m] Stopped target Host and Network Name Lookups.
         Stopping LSB: Record successful boot for GRUB...
         Stopping Deferred execution scheduler...
[[0;32m  OK  [0m] Unmounted /var/lib/lxcfs.
[[0;32m  OK  [0m] Stopped System Logging Service.
[[0;32m  OK  [0m] Stopped Regular background program processing daemon.
[[0;32m  OK  [0m] Stopped Accounts Service.
[[0;32m  OK  [0m] Stopped Deferred execution scheduler.
[[0;32m  OK  [0m] Stopped Dispatcher daemon for systemd-networkd.
[[0;32m  OK  [0m] Stopped irqbalance daemon.
[[0;32m  OK  [0m] Stopped OpenBSD Secure Shell server.
[[0;32m  OK  [0m] Stopped Authorization Manager.
[[0;32m  OK  [0m] Stopped Serial Getty on ttyS0.
[[0;32m  OK  [0m] Stopped Getty on tty1.
[[0;32m  OK  [0m] Stopped Docker Application Container Engine.
[[0;32m  OK  [0m] Stopped User Manager for UID 1000.
[[0;32m  OK  [0m] Stopped Availability of block devices.
[[0;32m  OK  [0m] Stopped D-Bus System Message Bus.
[[0;32m  OK  [0m] Stopped FUSE filesystem for LXC.
[[0;32m  OK  [0m] Stopped Session 5 of user vagrant.
[[0;32m  OK  [0m] Stopped LXD - container startup/shutdown.
[[0;32m  OK  [0m] Removed slice User Slice of vagrant.
         Stopping Login Service...
         Stopping containerd container runtime...
[[0;32m  OK  [0m] Removed slice system-getty.slice.
[[0;32m  OK  [0m] Removed slice system-serial\x2dgetty.slice.
         Stopping Permit User Sessions...
[[0;32m  OK  [0m] Stopped containerd container runtime.
[[0;32m  OK  [0m] Stopped LSB: automatic crash report generation.
[[0;32m  OK  [0m] Stopped Virtualbox guest utils.
[[0;32m  OK  [0m] Stopped LSB: Record successful boot for GRUB.
[[0;32m  OK  [0m] Stopped Permit User Sessions.
[[0;32m  OK  [0m] Stopped target Remote File Systems.
         Unmounting /vagrant...
[[0;32m  OK  [0m] Stopped Login Service.
[[0;32m  OK  [0m] Stopped target User and Group Name Lookups.
[[0;32m  OK  [0m] Stopped target Basic System.
[[0;32m  OK  [0m] Stopped target Slices.
[[0;32m  OK  [0m] Removed slice User and Session Slice.
[[0;32m  OK  [0m] Stopped target Paths.
[[0;32m  OK  [0m] Stopped ACPI Events Check.
[[0;32m  OK  [0m] Stopped target Sockets.
[[0;32m  OK  [0m] Closed UUID daemon activation socket.
[[0;32m  OK  [0m] Closed Docker Socket for the API.
[[0;32m  OK  [0m] Closed LXD - unix socket.
[[0;32m  OK  [0m] Closed ACPID Listen Socket.
[[0;32m  OK  [0m] Closed Syslog Socket.
[[0;32m  OK  [0m] Closed D-Bus System Message Bus Socket.
[[0;32m  OK  [0m] Closed Open-iSCSI iscsid Socket.
[[0;32m  OK  [0m] Closed Socket activation for snappy daemon.
[[0;32m  OK  [0m] Stopped target System Initialization.
         Stopping Load/Save Random Seed...
[[0;32m  OK  [0m] Stopped target Local Encrypted Volumes.
[[0;32m  OK  [0m] Stopped Dispatch Password Requests to Console Directory Watch.
[[0;32m  OK  [0m] Stopped Forward Password Requests to Wall Directory Watch.
         Stopping Update UTMP about System Boot/Shutdown...
[[0;32m  OK  [0m] Unmounted /vagrant.
[[0;32m  OK  [0m] Stopped Load/Save Random Seed.
[[0;32m  OK  [0m] Stopped target Remote File Systems (Pre).
[[0;32m  OK  [0m] Stopped target Network is Online.
[[0;32m  OK  [0m] Stopped Initial cloud-init job (metadata service crawler).
[[0;32m  OK  [0m] Stopped Wait for Network to be Configured.
[[0;32m  OK  [0m] Stopped target Network.
         Stopping Network Name Resolution...
[[0;32m  OK  [0m] Stopped Update UTMP about System Boot/Shutdown.
[[0;32m  OK  [0m] Stopped Network Name Resolution.
         Stopping Network Service...
[[0;32m  OK  [0m] Stopped Create Volatile Files and Directories.
[[0;32m  OK  [0m] Stopped target Local File Systems.
         Unmounting /run/user/1000...
[[0;32m  OK  [0m] Unmounted /run/user/1000.
[[0;32m  OK  [0m] Reached target Unmount All Filesystems.
[[0;32m  OK  [0m] Stopped target Swap.
[[0;32m  OK  [0m] Stopped target Local File Systems (Pre).
         Stopping Monitoring of LVM2 mirrors…ng dmeventd or progress polling...
[[0;32m  OK  [0m] Stopped Create Static Device Nodes in /dev.
[[0;32m  OK  [0m] Stopped Network Service.
[[0;32m  OK  [0m] Stopped target Network (Pre).
[[0;32m  OK  [0m] Stopped Initial cloud-init job (pre-networking).
[[0;32m  OK  [0m] Stopped Remount Root and Kernel File Systems.
[[0;32m  OK  [0m] Stopped Apply Kernel Variables.
[[0;32m  OK  [0m] Stopped Load Kernel Modules.
[[0;32m  OK  [0m] Reached target Shutdown.
[[0;32m  OK  [0m] Reached target Final Step.
         Starting Power-Off...
[   85.803882] reboot: Power down
